2026-02-25 04:03:30,158 - INFO - file_cache is only supported with oauth2client<4.0.0
2026-02-25 04:03:30,250 - INFO - Iniciando reprocesamiento de 230 videos.
2026-02-25 04:03:30,253 - INFO - Procesando ID 6: https://www.youtube.com/watch?v=_BteEJkp4bc
2026-02-25 04:03:35,452 - ERROR - ID 6: Fallo re-scraped (Sigue Bloqueado).
2026-02-25 04:03:38,454 - INFO - Procesando ID 7: https://www.youtube.com/watch?v=GVf-JZdJjU8
2026-02-25 04:03:43,222 - ERROR - ID 7: Fallo re-scraped (Sigue Bloqueado).
2026-02-25 04:03:46,226 - INFO - Procesando ID 11405: https://www.youtube.com/watch?v=cfNAIQtNbKY
2026-02-25 04:03:50,978 - ERROR - ID 11405: Fallo re-scraped (Sigue Bloqueado).
2026-02-25 04:03:53,981 - INFO - Procesando ID 11406: https://www.youtube.com/watch?v=L8tHDY0ssHI
2026-02-25 04:03:58,662 - ERROR - ID 11406: Fallo re-scraped (Sigue Bloqueado).
2026-02-25 04:04:04,889 - INFO - Procesando ID 11407: https://www.youtube.com/watch?v=ox4AcqwjMLA
2026-02-25 04:04:09,627 - ERROR - ID 11407: Fallo re-scraped (Sigue Bloqueado).
2026-02-25 04:04:13,098 - INFO - Procesando ID 11408: https://www.youtube.com/watch?v=KjdlImP-oWo
2026-02-25 04:04:19,154 - ERROR - ID 11408: Fallo re-scraped (Sigue Bloqueado).
2026-02-25 04:04:22,168 - INFO - Procesando ID 11409: https://www.youtube.com/watch?v=b_JjR0hfrKM
2026-02-25 04:04:29,037 - ERROR - ID 11409: Fallo re-scraped (Sigue Bloqueado).
2026-02-25 04:04:32,044 - INFO - Procesando ID 11410: https://www.youtube.com/watch?v=wTllJaCW9nI
2026-02-25 04:04:37,521 - ERROR - ID 11410: Fallo re-scraped (Sigue Bloqueado).
2026-02-25 04:04:40,532 - INFO - Procesando ID 11411: https://www.youtube.com/watch?v=V-P1eW_6wEI
2026-02-25 04:04:45,529 - ERROR - ID 11411: Fallo re-scraped (Sigue Bloqueado).
2026-02-25 04:04:48,535 - INFO - Procesando ID 11412: https://www.youtube.com/watch?v=C-YcLeANoY4
